{
  "RSpec": {
    "coverage": {
      "/Users/sean/turing/m3/projects/brucycle/brucycle_fe/app/helpers/application_helper.rb": {
        "lines": [
          1,
          null
        ]
      },
      "/Users/sean/turing/m3/projects/brucycle/brucycle_fe/app/poros/user_stats.rb": {
        "lines": [
          1,
          1,
          null,
          1,
          1,
          1,
          1,
          1,
          1,
          1,
          null,
          null
        ]
      }
    },
    "timestamp": 1672948919
  }
}
